TN:
SF:src/index.js
FNF:0
FNH:0
DA:1,1
DA:2,1
DA:3,1
DA:4,1
DA:5,1
DA:6,1
DA:7,1
DA:8,1
DA:9,1
DA:10,1
DA:11,1
DA:12,1
DA:13,1
DA:14,1
DA:15,1
DA:16,1
DA:17,1
DA:18,1
DA:19,1
DA:20,1
DA:21,1
DA:22,1
DA:23,1
DA:24,1
DA:25,1
LF:25
LH:25
BRDA:4,0,0,1
BRF:1
BRH:1
end_of_record
TN:
SF:src/person.js
FN:2,validate
FN:7,format
FN:15,save
FN:23,process
FNF:4
FNH:4
FNDA:3,validate
FNDA:1,format
FNDA:1,save
FNDA:3,process
DA:1,1
DA:2,1
DA:3,3
DA:4,3
DA:5,1
DA:6,1
DA:7,1
DA:8,1
DA:9,1
DA:10,1
DA:11,1
DA:12,1
DA:13,1
DA:14,1
DA:15,1
DA:16,1
DA:17,0
DA:18,0
DA:19,0
DA:20,0
DA:21,1
DA:22,1
DA:23,1
DA:24,3
DA:25,3
DA:26,3
DA:27,3
DA:28,3
DA:29,1
DA:30,1
DA:31,1
DA:32,1
DA:33,1
DA:34,1
LF:34
LH:30
BRDA:2,0,0,3
BRDA:3,1,0,1
BRDA:3,2,0,2
BRDA:4,3,0,1
BRDA:7,4,0,1
BRDA:15,5,0,1
BRDA:16,6,0,0
BRDA:16,7,0,3
BRDA:23,8,0,3
BRF:9
BRH:8
end_of_record
TN:
SF:src/server.js
FNF:0
FNH:0
DA:1,1
DA:2,1
DA:3,1
DA:4,1
DA:5,1
DA:6,5
DA:7,1
DA:8,1
DA:9,1
DA:10,1
DA:11,4
DA:12,4
DA:13,4
DA:14,4
DA:15,4
DA:16,4
DA:17,5
DA:18,3
DA:19,2
DA:20,2
DA:21,2
DA:22,2
DA:23,2
DA:24,2
DA:25,2
DA:26,2
DA:27,2
DA:28,1
DA:29,1
DA:30,1
DA:31,1
DA:32,1
DA:33,1
DA:34,1
LF:34
LH:34
BRDA:5,0,0,5
BRDA:6,1,0,1
BRDA:10,2,0,4
BRDA:17,3,0,3
BRDA:18,4,0,2
BRDA:27,5,0,1
BRF:6
BRH:6
end_of_record
