TN:
SF:src/person.js
FN:1,mapPerson
FNF:1
FNH:1
FNDA:3,mapPerson
DA:1,1
DA:2,3
DA:3,3
DA:4,3
DA:5,3
DA:6,3
DA:7,3
DA:8,3
DA:9,3
LF:9
LH:9
BRDA:1,0,0,3
BRF:1
BRH:1
end_of_record
TN:
SF:src/task.js
FN:1,<instance_members_initializer>
FN:3,save
FN:9,run
FNF:3
FNH:3
FNDA:1,<instance_members_initializer>
FNDA:2,save
FNDA:2,run
DA:1,1
DA:2,1
DA:3,1
DA:4,2
DA:5,2
DA:6,2
DA:7,2
DA:8,2
DA:9,1
DA:10,2
DA:11,1
DA:12,1
DA:13,1
DA:14,1
DA:15,50
DA:16,50
DA:17,50
DA:18,50
DA:19,50
DA:20,50
DA:21,50
DA:22,50
DA:23,50
DA:24,75
DA:25,2
DA:26,2
DA:27,2
DA:28,75
DA:29,1
DA:30,1
DA:31,1
LF:31
LH:31
BRDA:1,0,0,1
BRDA:3,1,0,2
BRDA:9,2,0,2
BRDA:10,3,0,1
BRDA:14,4,0,50
BRDA:23,5,0,75
BRDA:24,6,0,2
BRF:7
BRH:7
end_of_record
